{
  "type": "donation",
  "message": [
    {
      "name": "Vajkis",
      "message": "This is a test donation for €77.00",
      "from": "Kevin",
      "to": {
        "name": "Vajkis"
      },
      "from_user_id": 1,
      "amount": 77,
      "formattedAmount": "€77.00",
      "currency": "EUR",
      "recurring": false,
      "isTest": true,
      "isPreview": false,
      "unsavedSettings": [],
      "_id": "a97bfe70532b4311a68c84794a8557aa",
      "priority": 10
    }
  ],
  "for": "streamlabs",
  "event_id": "evt_d50de15935b98c5d4426c86d2dcf3dd9"
}
{
  "type": "donation",
  "message": [
    {
      "name": "Vajkis",
      "message": "This is a test donation for €35.00",
      "from": "Kevin",
      "to": {
        "name": "Vajkis"
      },
      "from_user_id": 1,
      "amount": 35,
      "formattedAmount": "€35.00",
      "currency": "EUR",
      "recurring": false,
      "isTest": true,
      "isPreview": false,
      "unsavedSettings": [],
      "_id": "957398e6e834c5ebd26ff515e24df788",
      "priority": 10
    }
  ],
  "for": "streamlabs",
  "event_id": "evt_77eedccab5c357f3c54d31bac7e9884e"
}
{
  "type": "donation",
  "message": [
    {
      "name": "Vajkis",
      "message": "This is a test donation for €7.00",
      "from": "Kevin",
      "to": {
        "name": "Vajkis"
      },
      "from_user_id": 1,
      "amount": 7,
      "formattedAmount": "€7.00",
      "currency": "EUR",
      "recurring": false,
      "isTest": true,
      "isPreview": false,
      "unsavedSettings": [],
      "_id": "a7b954b933ccc6b5f64fb9f232663bb1",
      "priority": 10
    }
  ],
  "for": "streamlabs",
  "event_id": "evt_8b90c70a2f36c0b930f8ec1cc8d0a90b"
}
{
  "type": "donation",
  "message": [
    {
      "name": "Vajkis",
      "message": "This is a test donation for €24.00",
      "from": "Kevin",
      "to": {
        "name": "Vajkis"
      },
      "from_user_id": 1,
      "amount": 24,
      "formattedAmount": "€24.00",
      "currency": "EUR",
      "recurring": false,
      "isTest": true,
      "isPreview": false,
      "unsavedSettings": [],
      "_id": "047ec922b352143711c4c88ddb0b4516",
      "priority": 10
    }
  ],
  "for": "streamlabs",
  "event_id": "evt_4c966011709e8ed32656504d1e52ceb1"
}
{
  "type": "donation",
  "message": [
    {
      "name": "Vajkis",
      "message": "This is a test donation for €44.00",
      "from": "Kevin",
      "to": {
        "name": "Vajkis"
      },
      "from_user_id": 1,
      "amount": 44,
      "formattedAmount": "€44.00",
      "currency": "EUR",
      "recurring": false,
      "isTest": true,
      "isPreview": false,
      "unsavedSettings": [],
      "_id": "8a051863a2ef5db5b9f28ba5fe87dd75",
      "priority": 10
    }
  ],
  "for": "streamlabs",
  "event_id": "evt_8933059c485c1224e9c6c61439bc2385"
}
{
  "type": "donation",
  "message": [
    {
      "name": "Vajkis",
      "message": "This is a test donation for €6.00",
      "from": "Kevin",
      "to": {
        "name": "Vajkis"
      },
      "from_user_id": 1,
      "amount": 6,
      "formattedAmount": "€6.00",
      "currency": "EUR",
      "recurring": false,
      "isTest": true,
      "isPreview": false,
      "unsavedSettings": [],
      "_id": "8ce69eff66ee8b1533a156efa391b67b",
      "priority": 10
    }
  ],
  "for": "streamlabs",
  "event_id": "evt_b210689410aa0bec475fc3fc2f62779d"
}
{
  "type": "superchat",
  "message": [
    {
      "id": "29191",
      "name": "Kevin",
      "channelId": "UCqomJo9DfMMnZvTmmS0R4NR",
      "comment": "This is a test superchat message!",
      "amount": 10000000,
      "currency": "USD",
      "displayString": "$10.00",
      "isTest": true,
      "isPreview": false,
      "unsavedSettings": [],
      "_id": "d87a984c474e8ec403e0b4264bfa4252",
      "priority": 10
    }
  ],
  "for": "youtube_account",
  "event_id": "evt_455b0c2f73ddf8d2cb3602d28ce6cfe8"
}
{
  "type": "superchat",
  "message": [
    {
      "id": "54588",
      "name": "Kevin",
      "channelId": "UCdaY3NIwR1EFpfzpVKW3sRn",
      "comment": "This is a test superchat message!",
      "amount": 13000000,
      "currency": "USD",
      "displayString": "$13.00",
      "isTest": true,
      "isPreview": false,
      "unsavedSettings": [],
      "_id": "2ead158aae5a10c4231343a30b636d87",
      "priority": 10
    }
  ],
  "for": "youtube_account",
  "event_id": "evt_37537ad08da2af63ba7eb1a5e0cccc63"
}
{
  "type": "superchat",
  "message": [
    {
      "id": "62556",
      "name": "Kevin",
      "channelId": "UCDQaPJoWfbtHCgZkeY4f4rm",
      "comment": "This is a test superchat message!",
      "amount": 22000000,
      "currency": "USD",
      "displayString": "$22.00",
      "isTest": true,
      "isPreview": false,
      "unsavedSettings": [],
      "_id": "5e7825fad509fb09a8c2648dd384dc5a",
      "priority": 10
    }
  ],
  "for": "youtube_account",
  "event_id": "evt_fc8430c302380817e899adb5bbe63031"
}
{
  "type": "superchat",
  "message": [
    {
      "id": "4854",
      "name": "Kevin",
      "channelId": "UC0P9iuBwTbM7QrD2FG3cBui",
      "comment": "This is a test superchat message!",
      "amount": 33000000,
      "currency": "USD",
      "displayString": "$33.00",
      "isTest": true,
      "isPreview": false,
      "unsavedSettings": [],
      "_id": "f24e32c91d3be739047f154269f4eb99",
      "priority": 10
    }
  ],
  "for": "youtube_account",
  "event_id": "evt_61e429d6dfde3ac6f74c3c6f3d52ba61"
}
{
  "type": "superchat",
  "message": [
    {
      "id": "52745",
      "name": "Kevin",
      "channelId": "UC8IQ3ZToTT7sQ2eynR6oZ3K",
      "comment": "This is a test superchat message!",
      "amount": 66000000,
      "currency": "USD",
      "displayString": "$66.00",
      "isTest": true,
      "isPreview": false,
      "unsavedSettings": [],
      "_id": "ea9afba9e1d1ffb1f818aebed648aead",
      "priority": 10
    }
  ],
  "for": "youtube_account",
  "event_id": "evt_7dd7a1b550a38b936a6738f64b6c38c4"
}
{
  "type": "superchat",
  "message": [
    {
      "id": "77487",
      "name": "Kevin",
      "channelId": "UCyHJNFr2NIRr904pTzbxa6G",
      "comment": "This is a test superchat message!",
      "amount": 7000000,
      "currency": "USD",
      "displayString": "$7.00",
      "isTest": true,
      "isPreview": false,
      "unsavedSettings": [],
      "_id": "eeb2b723bbbadf21fdd37e087831007f",
      "priority": 10
    }
  ],
  "for": "youtube_account",
  "event_id": "evt_0ea79579442464dc201f14a6db274c14"
}
{
  "type": "superchat",
  "message": [
    {
      "id": "79205",
      "name": "Kevin",
      "channelId": "UCqFQSJUmzUr4aRy4MkrBemZ",
      "comment": "This is a test superchat message!",
      "amount": 21000000,
      "currency": "USD",
      "displayString": "$21.00",
      "isTest": true,
      "isPreview": false,
      "unsavedSettings": [],
      "_id": "d8881157748b82e0699d288e73f3f02c",
      "priority": 10
    }
  ],
  "for": "youtube_account",
  "event_id": "evt_833ee5ceaa644b6a1bd59109bd6f3daf"
}
{
  "type": "superchat",
  "message": [
    {
      "id": "17665",
      "name": "Kevin",
      "channelId": "UCxvM7lYs3yBFcXueQdPsvjn",
      "comment": "This is a test superchat message!",
      "amount": 51000000,
      "currency": "USD",
      "displayString": "$51.00",
      "isTest": true,
      "isPreview": false,
      "unsavedSettings": [],
      "_id": "03bcd0b66b345a5da1ec3adf012059bf",
      "priority": 10
    }
  ],
  "for": "youtube_account",
  "event_id": "evt_f217911016a60f7b5c773e392afebcff"
}
{
  "type": "superchat",
  "message": [
    {
      "id": "86009",
      "name": "Kevin",
      "channelId": "UCwVxp2eMefrzOtaw3RujJy8",
      "comment": "This is a test superchat message!",
      "amount": 62000000,
      "currency": "USD",
      "displayString": "$62.00",
      "isTest": true,
      "isPreview": false,
      "unsavedSettings": [],
      "_id": "b42574d7eb342d24f3c19e6c06a27172",
      "priority": 10
    }
  ],
  "for": "youtube_account",
  "event_id": "evt_8c887e387d9becc1bf81238f7b19af03"
}
{
  "type": "superchat",
  "message": [
    {
      "id": "59015",
      "name": "Kevin",
      "channelId": "UC5uMwBDjsnfEPsDhIwKWy3W",
      "comment": "This is a test superchat message!",
      "amount": 26000000,
      "currency": "USD",
      "displayString": "$26.00",
      "isTest": true,
      "isPreview": false,
      "unsavedSettings": [],
      "_id": "b2dc35e4c03b18a4113157e9ed533886",
      "priority": 10
    }
  ],
  "for": "youtube_account",
  "event_id": "evt_d5eb0ef76cc805108b11d31c44dab92f"
}
{
  "type": "superchat",
  "message": [
    {
      "id": "82839",
      "name": "Kevin",
      "channelId": "UCoA2iGXPEZ0UHEnUDr2nK3Z",
      "comment": "This is a test superchat message!",
      "amount": 23000000,
      "currency": "USD",
      "displayString": "$23.00",
      "isTest": true,
      "isPreview": false,
      "unsavedSettings": [],
      "_id": "9cacc1fc839d3e7024e461da3734695c",
      "priority": 10
    }
  ],
  "for": "youtube_account",
  "event_id": "evt_e89455bf7d008f4da9da842353b85d0f"
}
{
  "type": "superchat",
  "message": [
    {
      "id": "60664",
      "name": "Kevin",
      "channelId": "UCifVg3tu0yPOZ1no4vgI50C",
      "comment": "This is a test superchat message!",
      "amount": 31000000,
      "currency": "USD",
      "displayString": "$31.00",
      "isTest": true,
      "isPreview": false,
      "unsavedSettings": [],
      "_id": "bbc7cd2229e70a281f36ccc499e6a738",
      "priority": 10
    }
  ],
  "for": "youtube_account",
  "event_id": "evt_d10b891af50b97b9346a51419c12ca75"
}
{
  "type": "superchat",
  "message": [
    {
      "id": "69187",
      "name": "Kevin",
      "channelId": "UCRfofKwuQ1qC3B03yskSv0i",
      "comment": "This is a test superchat message!",
      "amount": 58000000,
      "currency": "USD",
      "displayString": "$58.00",
      "isTest": true,
      "isPreview": false,
      "unsavedSettings": [],
      "_id": "f4e89911f2779caebc0d087eb80bff3e",
      "priority": 10
    }
  ],
  "for": "youtube_account",
  "event_id": "evt_b5b87e649ff319c7d84853ba6db533cf"
}
{
  "type": "superchat",
  "message": [
    {
      "id": "2094",
      "name": "Kevin",
      "channelId": "UCh4lG5raXohuaC6uedzZyti",
      "comment": "This is a test superchat message!",
      "amount": 79000000,
      "currency": "USD",
      "displayString": "$79.00",
      "isTest": true,
      "isPreview": false,
      "unsavedSettings": [],
      "_id": "6f7ea130065400585ef3eee83f130b35",
      "priority": 10
    }
  ],
  "for": "youtube_account",
  "event_id": "evt_ac2baa01578f467e453a491d71ab6acb"
}
{
  "type": "superchat",
  "message": [
    {
      "id": "20785",
      "name": "Kevin",
      "channelId": "UCS486aqz8SxMdCJDwrir91m",
      "comment": "This is a test superchat message!",
      "amount": 68000000,
      "currency": "USD",
      "displayString": "$68.00",
      "isTest": true,
      "isPreview": false,
      "unsavedSettings": [],
      "_id": "dff40e9331383393bf26737adf794f99",
      "priority": 10
    }
  ],
  "for": "youtube_account",
  "event_id": "evt_34ee6ef341a77859fa5a34da058b2b1b"
}
{
  "type": "superchat",
  "message": [
    {
      "id": "75103",
      "name": "Kevin",
      "channelId": "UCckpcUoyj7Ypn6cQkskOwzl",
      "comment": "This is a test superchat message!",
      "amount": 5000000,
      "currency": "USD",
      "displayString": "$5.00",
      "isTest": true,
      "isPreview": false,
      "unsavedSettings": [],
      "_id": "8dc7a129bbb5697e3a322b7bad06a2d0",
      "priority": 10
    }
  ],
  "for": "youtube_account",
  "event_id": "evt_dd1a02b22dbe43d8859675e342fb3d23"
}
{
  "type": "donation",
  "message": [
    {
      "name": "Vajkis",
      "message": "This is a test donation for €58.00",
      "from": "Kevin",
      "to": {
        "name": "Vajkis"
      },
      "from_user_id": 1,
      "amount": 58,
      "formattedAmount": "€58.00",
      "currency": "EUR",
      "recurring": false,
      "isTest": true,
      "isPreview": false,
      "unsavedSettings": [],
      "_id": "6a31784860ddf751c3f58750d7b2c1bb",
      "priority": 10
    }
  ],
  "for": "streamlabs",
  "event_id": "evt_e8de70d379525d8511dfdcf008644e36"
}
{
  "type": "donation",
  "message": [
    {
      "name": "Vajkis",
      "message": "This is a test donation for €67.00",
      "from": "Kevin",
      "to": {
        "name": "Vajkis"
      },
      "from_user_id": 1,
      "amount": 67,
      "formattedAmount": "€67.00",
      "currency": "EUR",
      "recurring": false,
      "isTest": true,
      "isPreview": false,
      "unsavedSettings": [],
      "_id": "d6ad16240dc16a6b4ced22c7318c2ca6",
      "priority": 10
    }
  ],
  "for": "streamlabs",
  "event_id": "evt_9d5550177612222aca87b4f14f642612"
}
{
  "type": "donation",
  "message": [
    {
      "name": "Vajkis",
      "message": "This is a test donation for €79.00",
      "from": "Kevin",
      "to": {
        "name": "Vajkis"
      },
      "from_user_id": 1,
      "amount": 79,
      "formattedAmount": "€79.00",
      "currency": "EUR",
      "recurring": false,
      "isTest": true,
      "isPreview": false,
      "unsavedSettings": [],
      "_id": "b493e480fd050c973fef467b6d4ee8f1",
      "priority": 10
    }
  ],
  "for": "streamlabs",
  "event_id": "evt_461fb51ecef6d9afbe6655395fa88058"
}
{
  "type": "donation",
  "message": [
    {
      "name": "Vajkis",
      "message": "This is a test donation for €45.00",
      "from": "Kevin",
      "to": {
        "name": "Vajkis"
      },
      "from_user_id": 1,
      "amount": 45,
      "formattedAmount": "€45.00",
      "currency": "EUR",
      "recurring": false,
      "isTest": true,
      "isPreview": false,
      "unsavedSettings": [],
      "_id": "972cae59625119c90cdb168852490971",
      "priority": 10
    }
  ],
  "for": "streamlabs",
  "event_id": "evt_bc48923a96abefec357eb5ffba7abb67"
}
{
  "type": "donation",
  "message": [
    {
      "name": "Vajkis",
      "message": "This is a test donation for €4.00",
      "from": "Kevin",
      "to": {
        "name": "Vajkis"
      },
      "from_user_id": 1,
      "amount": 4,
      "formattedAmount": "€4.00",
      "currency": "EUR",
      "recurring": false,
      "isTest": true,
      "isPreview": false,
      "unsavedSettings": [],
      "_id": "2501bbdbc29b2722d80571fd0ee30ea6",
      "priority": 10
    }
  ],
  "for": "streamlabs",
  "event_id": "evt_13260317c631c088039a5d85ad9fad36"
}
{
  "type": "subscription",
  "message": [
    {
      "id": "UCmAwo09ukSlUTRb9EQVuJXE",
      "channelUrl": "https://www.youtube.com/user/UCmAwo09ukSlUTRb9EQVuJXE",
      "name": "Kevin",
      "sponsorSince": "2024-06-06 23:17:40",
      "months": 1,
      "membershipLevelName": "Awesome Tier",
      "membershipLevel": 1,
      "message": "This is a test YouTube Membership",
      "isTest": true,
      "isPreview": false,
      "unsavedSettings": [],
      "_id": "6d39aa22da896461701a1e80a6cecf59",
      "priority": 10
    }
  ],
  "for": "youtube_account",
  "event_id": "evt_b4e7ecdca7f9d9a95cac31b41541a72f"
}
{
  "type": "membershipGift",
  "message": [
    {
      "id": "UCIRxIAVBt9OdXXsiteQGtIC",
      "channelUrl": "https://www.youtube.com/channel/UCIRxIAVBt9OdXXsiteQGtIC",
      "name": "Kevin",
      "giftMembershipsLevelName": "Tier 1",
      "giftMembershipsCount": 3,
      "membershipMessageId": "LCC55275",
      "isTest": true,
      "isPreview": false,
      "unsavedSettings": [],
      "_id": "e3b94d5058a6bf2f58900818c81df929",
      "priority": 10
    }
  ],
  "for": "youtube_account",
  "event_id": "evt_b17c321442c12f1d2689364b6dfb6ddb"
}
{
  "type": "membershipGift",
  "message": [
    {
      "id": "UCZXBTSkQRqZdGmOLiOG1VZS",
      "channelUrl": "https://www.youtube.com/user/UCZXBTSkQRqZdGmOLiOG1VZS",
      "name": "Kevin",
      "giftMembershipsLevelName": "Tier 1",
      "giftMembershipsCount": 3,
      "membershipMessageId": "LCC27337",
      "isTest": true,
      "isPreview": false,
      "unsavedSettings": [],
      "_id": "c8c50f2954c0d3519e88c81e262cead7",
      "priority": 10
    }
  ],
  "for": "youtube_account",
  "event_id": "evt_d593ed5c9008cde5a1bef953c35970dd"
}
{
  "type": "subscription",
  "message": [
    {
      "id": "UCcmcxRX6Haara2NAL01qsb9",
      "channelUrl": "https://www.youtube.com/channel/UCcmcxRX6Haara2NAL01qsb9",
      "name": "Kevin",
      "sponsorSince": "2024-06-06 23:20:08",
      "months": 1,
      "membershipLevelName": "Awesome Tier",
      "membershipLevel": 1,
      "message": "This is a test YouTube Membership",
      "isTest": true,
      "isPreview": false,
      "unsavedSettings": [],
      "_id": "dff985326594a7dac6006434e45040c3",
      "priority": 10
    }
  ],
  "for": "youtube_account",
  "event_id": "evt_f85919ef5d37a03bb133ba4bd2c2d061"
}
