[2024-08-07 01:12:31] type: donation | minutes: 33 | isTest: true
[2024-08-07 01:13:40] type: donation | minutes: 72 | isTest: true
[2024-08-07 01:13:42] type: donation | minutes: 78 | isTest: true
[2024-08-07 01:15:04] type: donation | minutes: 252 | isTest: true
[2024-08-07 01:15:08] type: superchat | minutes: 54 | isTest: true
[2024-08-07 01:20:58] type: manual | minutes: 60
[2024-08-07 01:21:25] type: donation | minutes: 258 | isTest: true
[2024-08-07 01:21:29] type: donation | minutes: 279 | isTest: true
[2024-08-07 01:22:51] type: donation | minutes: 231 | isTest: true
[2024-08-07 01:22:55] type: donation | minutes: 105 | isTest: true
[2024-08-07 01:25:24] type: donation | minutes: 72 | isTest: true
[2024-08-07 01:25:49] type: donation | minutes: 132 | isTest: true
[2024-08-07 01:26:52] type: superchat | minutes: 18 | isTest: true
[2024-08-07 01:26:58] type: superchat | minutes: 22 | isTest: true
[2024-08-07 01:27:03] type: superchat | minutes: 38 | isTest: true
[2024-08-07 01:27:05] type: superchat | minutes: 58 | isTest: true
[2024-08-07 01:27:08] type: superchat | minutes: 118 | isTest: true
[2024-08-07 01:43:17] type: superchat | minutes: 36 | isTest: true
[2024-08-07 01:43:26] type: superchat | minutes: 90 | isTest: true
[2024-08-07 01:43:30] type: superchat | minutes: 110 | isTest: true
[2024-08-07 01:43:33] type: superchat | minutes: 46 | isTest: true
[2024-08-07 01:43:36] type: superchat | minutes: 40 | isTest: true
[2024-08-07 01:43:39] type: superchat | minutes: 54 | isTest: true
[2024-08-07 01:43:45] type: superchat | minutes: 104 | isTest: true
[2024-08-07 01:43:48] type: superchat | minutes: 142 | isTest: true
[2024-08-07 01:43:50] type: superchat | minutes: 122 | isTest: true
[2024-08-07 01:43:51] type: superchat | minutes: 8 | isTest: true
[2024-08-07 01:44:01] type: donation | minutes: 174 | isTest: true
[2024-08-07 01:44:04] type: donation | minutes: 201 | isTest: true
[2024-08-07 01:44:07] type: donation | minutes: 237 | isTest: true
[2024-08-07 01:44:10] type: donation | minutes: 135 | isTest: true
[2024-08-07 01:44:12] type: donation | minutes: 12 | isTest: true
[2024-08-07 01:46:28] type: manual | minutes: 60
[2024-08-07 01:46:33] type: manual | minutes: 60
[2024-08-07 01:46:39] type: manual | minutes: 150
[2024-08-07 01:46:43] type: manual | minutes: 30
[2024-08-07 01:46:47] type: manual | minutes: 60
[2024-08-07 02:07:28] type: manual | minutes: 60
[2024-08-07 02:17:41] type: subscription | minutes: 0 | isTest: true
[2024-08-07 02:17:46] type: membershipGift | minutes: 0 | isTest: true
[2024-08-07 02:20:00] type: membershipGift | minutes: 18 | isTest: true
[2024-08-07 02:20:09] type: subscription | minutes: 24 | isTest: true
